# JRE version: Java(TM) SE Runtime Environment (8.0_191-b12) (build 1.8.0_191-b12)
# Java VM: Java HotSpot(TM) 64-Bit Server VM (25.191-b12 mixed mode bsd-amd64 compressed oops)
Heap:
 garbage-first heap   total 474112K, used 314370K [0x0000000780000000, 0x0000000780100e78, 0x00000007c0000000)
  region size 1024K, 179 young (183296K), 10 survivors (10240K)
 Metaspace       used 61786K, capacity 65306K, committed 65536K, reserved 1107968K
  class space    used 6308K, capacity 7368K, committed 7424K, reserved 1048576K
GC Heap History (10 events):
Event: 41.627 GC heap before
{Heap before GC invocations=38 (full 0):
 garbage-first heap   total 164864K, used 136492K [0x0000000780000000, 0x0000000780100508, 0x00000007c0000000)
  region size 1024K, 46 young (47104K), 8 survivors (8192K)
 Metaspace       used 51477K, capacity 54478K, committed 54656K, reserved 1097728K
  class space    used 5311K, capacity 6244K, committed 6272K, reserved 1048576K
Event: 41.706 GC heap after
Heap after GC invocations=39 (full 0):
 garbage-first heap   total 164864K, used 110380K [0x0000000780000000, 0x0000000780100508, 0x00000007c0000000)
  region size 1024K, 6 young (6144K), 6 survivors (6144K)
 Metaspace       used 51477K, capacity 54478K, committed 54656K, reserved 1097728K
  class space    used 5311K, capacity 6244K, committed 6272K, reserved 1048576K
}
Event: 42.092 GC heap before
{Heap before GC invocations=39 (full 0):
 garbage-first heap   total 164864K, used 137004K [0x0000000780000000, 0x0000000780100508, 0x00000007c0000000)
  region size 1024K, 32 young (32768K), 6 survivors (6144K)
 Metaspace       used 51499K, capacity 54478K, committed 54656K, reserved 1097728K
  class space    used 5311K, capacity 6244K, committed 6272K, reserved 1048576K
Event: 42.153 GC heap after
Heap after GC invocations=40 (full 0):
 garbage-first heap   total 329728K, used 121132K [0x0000000780000000, 0x0000000780100a10, 0x00000007c0000000)
  region size 1024K, 4 young (4096K), 4 survivors (4096K)
 Metaspace       used 51499K, capacity 54478K, committed 54656K, reserved 1097728K
  class space    used 5311K, capacity 6244K, committed 6272K, reserved 1048576K
}
Event: 47.500 GC heap before
{Heap before GC invocations=41 (full 0):
 garbage-first heap   total 329728K, used 252204K [0x0000000780000000, 0x0000000780100a10, 0x00000007c0000000)
  region size 1024K, 132 young (135168K), 4 survivors (4096K)
 Metaspace       used 53524K, capacity 56634K, committed 56960K, reserved 1099776K
  class space    used 5469K, capacity 6428K, committed 6528K, reserved 1048576K
Event: 47.578 GC heap after
Heap after GC invocations=42 (full 0):
 garbage-first heap   total 474112K, used 133634K [0x0000000780000000, 0x0000000780100e78, 0x00000007c0000000)
  region size 1024K, 17 young (17408K), 17 survivors (17408K)
 Metaspace       used 53524K, capacity 56634K, committed 56960K, reserved 1099776K
  class space    used 5469K, capacity 6428K, committed 6528K, reserved 1048576K
}
Event: 47.673 GC heap before
{Heap before GC invocations=42 (full 0):
 garbage-first heap   total 474112K, used 139778K [0x0000000780000000, 0x0000000780100e78, 0x00000007c0000000)
  region size 1024K, 23 young (23552K), 17 survivors (17408K)
 Metaspace       used 53538K, capacity 56634K, committed 56960K, reserved 1099776K
  class space    used 5470K, capacity 6428K, committed 6528K, reserved 1048576K
Event: 47.744 GC heap after
Heap after GC invocations=43 (full 0):
 garbage-first heap   total 474112K, used 134658K [0x0000000780000000, 0x0000000780100e78, 0x00000007c0000000)
  region size 1024K, 3 young (3072K), 3 survivors (3072K)
 Metaspace       used 53538K, capacity 56634K, committed 56960K, reserved 1099776K
  class space    used 5470K, capacity 6428K, committed 6528K, reserved 1048576K
}
Event: 862.884 GC heap before
{Heap before GC invocations=43 (full 0):
 garbage-first heap   total 474112K, used 314882K [0x0000000780000000, 0x0000000780100e78, 0x00000007c0000000)
  region size 1024K, 179 young (183296K), 3 survivors (3072K)
 Metaspace       used 59049K, capacity 62654K, committed 62976K, reserved 1105920K
  class space    used 6061K, capacity 7097K, committed 7168K, reserved 1048576K
Event: 862.972 GC heap after
Heap after GC invocations=44 (full 0):
 garbage-first heap   total 474112K, used 142338K [0x0000000780000000, 0x0000000780100e78, 0x00000007c0000000)
  region size 1024K, 10 young (10240K), 10 survivors (10240K)
 Metaspace       used 59049K, capacity 62654K, committed 62976K, reserved 1105920K
  class space    used 6061K, capacity 7097K, committed 7168K, reserved 1048576K
}

