# JRE version: Java(TM) SE Runtime Environment (8.0_191-b12) (build 1.8.0_191-b12)
# Java VM: Java HotSpot(TM) 64-Bit Server VM (25.191-b12 mixed mode bsd-amd64 compressed oops)
Heap:
 PSYoungGen      total 70656K, used 66179K [0x0000000795580000, 0x000000079d000000, 0x00000007c0000000)
  eden space 58880K, 95% used [0x0000000795580000,0x0000000798c98e80,0x0000000798f00000)
  from space 11776K, 82% used [0x0000000798f00000,0x0000000799888080,0x0000000799a80000)
  to   space 12800K, 0% used [0x000000079c380000,0x000000079c380000,0x000000079d000000)
 ParOldGen       total 55808K, used 7699K [0x0000000740000000, 0x0000000743680000, 0x0000000795580000)
  object space 55808K, 13% used [0x0000000740000000,0x0000000740784f90,0x0000000743680000)
 Metaspace       used 33130K, capacity 34556K, committed 34608K, reserved 1079296K
  class space    used 4114K, capacity 4400K, committed 4400K, reserved 1048576K
GC Heap History (10 events):
Event: 4.833 GC heap before
{Heap before GC invocations=4 (full 0):
 PSYoungGen      total 38400K, used 38387K [0x0000000795580000, 0x0000000798000000, 0x00000007c0000000)
  eden space 33280K, 100% used [0x0000000795580000,0x0000000797600000,0x0000000797600000)
  from space 5120K, 99% used [0x0000000797600000,0x0000000797afcf38,0x0000000797b00000)
  to   space 5120K, 0% used [0x0000000797b00000,0x0000000797b00000,0x0000000798000000)
 ParOldGen       total 87552K, used 2929K [0x0000000740000000, 0x0000000745580000, 0x0000000795580000)
  object space 87552K, 3% used [0x0000000740000000,0x00000007402dc6b8,0x0000000745580000)
 Metaspace       used 20025K, capacity 20850K, committed 20992K, reserved 1067008K
  class space    used 2574K, capacity 2763K, committed 2816K, reserved 1048576K
Event: 4.849 GC heap after
Heap after GC invocations=4 (full 0):
 PSYoungGen      total 38400K, used 5115K [0x0000000795580000, 0x000000079a080000, 0x00000007c0000000)
  eden space 33280K, 0% used [0x0000000795580000,0x0000000795580000,0x0000000797600000)
  from space 5120K, 99% used [0x0000000797b00000,0x0000000797ffee00,0x0000000798000000)
  to   space 5120K, 0% used [0x0000000797600000,0x0000000797600000,0x0000000797b00000)
 ParOldGen       total 87552K, used 9844K [0x0000000740000000, 0x0000000745580000, 0x0000000795580000)
  object space 87552K, 11% used [0x0000000740000000,0x000000074099d150,0x0000000745580000)
 Metaspace       used 20025K, capacity 20850K, committed 20992K, reserved 1067008K
  class space    used 2574K, capacity 2763K, committed 2816K, reserved 1048576K
}
Event: 4.937 GC heap before
{Heap before GC invocations=5 (full 0):
 PSYoungGen      total 38400K, used 9408K [0x0000000795580000, 0x000000079a080000, 0x00000007c0000000)
  eden space 33280K, 12% used [0x0000000795580000,0x00000007959b1250,0x0000000797600000)
  from space 5120K, 99% used [0x0000000797b00000,0x0000000797ffee00,0x0000000798000000)
  to   space 5120K, 0% used [0x0000000797600000,0x0000000797600000,0x0000000797b00000)
 ParOldGen       total 87552K, used 9844K [0x0000000740000000, 0x0000000745580000, 0x0000000795580000)
  object space 87552K, 11% used [0x0000000740000000,0x000000074099d150,0x0000000745580000)
 Metaspace       used 20405K, capacity 21264K, committed 21296K, reserved 1067008K
  class space    used 2620K, capacity 2832K, committed 2864K, reserved 1048576K
Event: 4.944 GC heap after
Heap after GC invocations=5 (full 0):
 PSYoungGen      total 38400K, used 5099K [0x0000000795580000, 0x000000079ad80000, 0x00000007c0000000)
  eden space 33280K, 0% used [0x0000000795580000,0x0000000795580000,0x0000000797600000)
  from space 5120K, 99% used [0x0000000797600000,0x0000000797afae30,0x0000000797b00000)
  to   space 11776K, 0% used [0x000000079a200000,0x000000079a200000,0x000000079ad80000)
 ParOldGen       total 87552K, used 10264K [0x0000000740000000, 0x0000000745580000, 0x0000000795580000)
  object space 87552K, 11% used [0x0000000740000000,0x0000000740a06200,0x0000000745580000)
 Metaspace       used 20405K, capacity 21264K, committed 21296K, reserved 1067008K
  class space    used 2620K, capacity 2832K, committed 2864K, reserved 1048576K
}
Event: 4.945 GC heap before
{Heap before GC invocations=6 (full 1):
 PSYoungGen      total 38400K, used 5099K [0x0000000795580000, 0x000000079ad80000, 0x00000007c0000000)
  eden space 33280K, 0% used [0x0000000795580000,0x0000000795580000,0x0000000797600000)
  from space 5120K, 99% used [0x0000000797600000,0x0000000797afae30,0x0000000797b00000)
  to   space 11776K, 0% used [0x000000079a200000,0x000000079a200000,0x000000079ad80000)
 ParOldGen       total 87552K, used 10264K [0x0000000740000000, 0x0000000745580000, 0x0000000795580000)
  object space 87552K, 11% used [0x0000000740000000,0x0000000740a06200,0x0000000745580000)
 Metaspace       used 20405K, capacity 21264K, committed 21296K, reserved 1067008K
  class space    used 2620K, capacity 2832K, committed 2864K, reserved 1048576K
Event: 4.987 GC heap after
Heap after GC invocations=6 (full 1):
 PSYoungGen      total 38400K, used 0K [0x0000000795580000, 0x000000079ad80000, 0x00000007c0000000)
  eden space 33280K, 0% used [0x0000000795580000,0x0000000795580000,0x0000000797600000)
  from space 5120K, 0% used [0x0000000797600000,0x0000000797600000,0x0000000797b00000)
  to   space 11776K, 0% used [0x000000079a200000,0x000000079a200000,0x000000079ad80000)
 ParOldGen       total 55808K, used 7683K [0x0000000740000000, 0x0000000743680000, 0x0000000795580000)
  object space 55808K, 13% used [0x0000000740000000,0x0000000740780f90,0x0000000743680000)
 Metaspace       used 20404K, capacity 21258K, committed 21296K, reserved 1067008K
  class space    used 2619K, capacity 2831K, committed 2864K, reserved 1048576K
}
Event: 5.796 GC heap before
{Heap before GC invocations=7 (full 1):
 PSYoungGen      total 38400K, used 33280K [0x0000000795580000, 0x000000079ad80000, 0x00000007c0000000)
  eden space 33280K, 100% used [0x0000000795580000,0x0000000797600000,0x0000000797600000)
  from space 5120K, 0% used [0x0000000797600000,0x0000000797600000,0x0000000797b00000)
  to   space 11776K, 0% used [0x000000079a200000,0x000000079a200000,0x000000079ad80000)
 ParOldGen       total 55808K, used 7683K [0x0000000740000000, 0x0000000743680000, 0x0000000795580000)
  object space 55808K, 13% used [0x0000000740000000,0x0000000740780f90,0x0000000743680000)
 Metaspace       used 23934K, capacity 25168K, committed 25520K, reserved 1071104K
  class space    used 3137K, capacity 3382K, committed 3504K, reserved 1048576K
Event: 5.806 GC heap after
Heap after GC invocations=7 (full 1):
 PSYoungGen      total 61952K, used 3921K [0x0000000795580000, 0x000000079a600000, 0x00000007c0000000)
  eden space 57856K, 0% used [0x0000000795580000,0x0000000795580000,0x0000000798e00000)
  from space 4096K, 95% used [0x000000079a200000,0x000000079a5d4500,0x000000079a600000)
  to   space 11776K, 0% used [0x0000000798f00000,0x0000000798f00000,0x0000000799a80000)
 ParOldGen       total 55808K, used 7691K [0x0000000740000000, 0x0000000743680000, 0x0000000795580000)
  object space 55808K, 13% used [0x0000000740000000,0x0000000740782f90,0x0000000743680000)
 Metaspace       used 23934K, capacity 25168K, committed 25520K, reserved 1071104K
  class space    used 3137K, capacity 3382K, committed 3504K, reserved 1048576K
}
Event: 6.546 GC heap before
{Heap before GC invocations=8 (full 1):
 PSYoungGen      total 61952K, used 61777K [0x0000000795580000, 0x000000079a600000, 0x00000007c0000000)
  eden space 57856K, 100% used [0x0000000795580000,0x0000000798e00000,0x0000000798e00000)
  from space 4096K, 95% used [0x000000079a200000,0x000000079a5d4500,0x000000079a600000)
  to   space 11776K, 0% used [0x0000000798f00000,0x0000000798f00000,0x0000000799a80000)
 ParOldGen       total 55808K, used 7691K [0x0000000740000000, 0x0000000743680000, 0x0000000795580000)
  object space 55808K, 13% used [0x0000000740000000,0x0000000740782f90,0x0000000743680000)
 Metaspace       used 27872K, capacity 29180K, committed 29488K, reserved 1075200K
  class space    used 3587K, capacity 3868K, committed 3888K, reserved 1048576K
Event: 6.558 GC heap after
Heap after GC invocations=8 (full 1):
 PSYoungGen      total 70656K, used 9760K [0x0000000795580000, 0x000000079d000000, 0x00000007c0000000)
  eden space 58880K, 0% used [0x0000000795580000,0x0000000795580000,0x0000000798f00000)
  from space 11776K, 82% used [0x0000000798f00000,0x0000000799888080,0x0000000799a80000)
  to   space 12800K, 0% used [0x000000079c380000,0x000000079c380000,0x000000079d000000)
 ParOldGen       total 55808K, used 7699K [0x0000000740000000, 0x0000000743680000, 0x0000000795580000)
  object space 55808K, 13% used [0x0000000740000000,0x0000000740784f90,0x0000000743680000)
 Metaspace       used 27872K, capacity 29180K, committed 29488K, reserved 1075200K
  class space    used 3587K, capacity 3868K, committed 3888K, reserved 1048576K
}

