# JRE version: Java(TM) SE Runtime Environment (8.0_191-b12) (build 1.8.0_191-b12)
# Java VM: Java HotSpot(TM) 64-Bit Server VM (25.191-b12 mixed mode bsd-amd64 compressed oops)
Heap:
 PSYoungGen      total 274432K, used 21476K [0x0000000795580000, 0x00000007a8200000, 0x00000007c0000000)
  eden space 252928K, 0% used [0x0000000795580000,0x0000000795580000,0x00000007a4c80000)
  from space 21504K, 99% used [0x00000007a4c80000,0x00000007a6179200,0x00000007a6180000)
  to   space 27136K, 0% used [0x00000007a6780000,0x00000007a6780000,0x00000007a8200000)
 ParOldGen       total 83968K, used 32146K [0x0000000740000000, 0x0000000745200000, 0x0000000795580000)
  object space 83968K, 38% used [0x0000000740000000,0x0000000741f648c8,0x0000000745200000)
 Metaspace       used 34330K, capacity 35298K, committed 35456K, reserved 1081344K
  class space    used 4070K, capacity 4369K, committed 4480K, reserved 1048576K
GC Heap History (10 events):
Event: 3,212 GC heap after
Heap after GC invocations=4 (full 0):
 PSYoungGen      total 138240K, used 5104K [0x0000000795580000, 0x000000079e180000, 0x00000007c0000000)
  eden space 133120K, 0% used [0x0000000795580000,0x0000000795580000,0x000000079d780000)
  from space 5120K, 99% used [0x000000079dc80000,0x000000079e17c010,0x000000079e180000)
  to   space 5120K, 0% used [0x000000079d780000,0x000000079d780000,0x000000079dc80000)
 ParOldGen       total 87552K, used 16328K [0x0000000740000000, 0x0000000745580000, 0x0000000795580000)
  object space 87552K, 18% used [0x0000000740000000,0x0000000740ff2188,0x0000000745580000)
 Metaspace       used 18988K, capacity 19474K, committed 19712K, reserved 1067008K
  class space    used 2293K, capacity 2443K, committed 2560K, reserved 1048576K
}
Event: 4,427 GC heap before
{Heap before GC invocations=5 (full 0):
 PSYoungGen      total 138240K, used 89899K [0x0000000795580000, 0x000000079e180000, 0x00000007c0000000)
  eden space 133120K, 63% used [0x0000000795580000,0x000000079a84ee60,0x000000079d780000)
  from space 5120K, 99% used [0x000000079dc80000,0x000000079e17c010,0x000000079e180000)
  to   space 5120K, 0% used [0x000000079d780000,0x000000079d780000,0x000000079dc80000)
 ParOldGen       total 87552K, used 16328K [0x0000000740000000, 0x0000000745580000, 0x0000000795580000)
  object space 87552K, 18% used [0x0000000740000000,0x0000000740ff2188,0x0000000745580000)
 Metaspace       used 20617K, capacity 21160K, committed 21296K, reserved 1069056K
  class space    used 2435K, capacity 2620K, committed 2688K, reserved 1048576K
Event: 4,454 GC heap after
Heap after GC invocations=5 (full 0):
 PSYoungGen      total 138240K, used 5104K [0x0000000795580000, 0x00000007a7680000, 0x00000007c0000000)
  eden space 133120K, 0% used [0x0000000795580000,0x0000000795580000,0x000000079d780000)
  from space 5120K, 99% used [0x000000079d780000,0x000000079dc7c010,0x000000079dc80000)
  to   space 14848K, 0% used [0x00000007a6800000,0x00000007a6800000,0x00000007a7680000)
 ParOldGen       total 87552K, used 21989K [0x0000000740000000, 0x0000000745580000, 0x0000000795580000)
  object space 87552K, 25% used [0x0000000740000000,0x00000007415796e0,0x0000000745580000)
 Metaspace       used 20617K, capacity 21160K, committed 21296K, reserved 1069056K
  class space    used 2435K, capacity 2620K, committed 2688K, reserved 1048576K
}
Event: 4,454 GC heap before
{Heap before GC invocations=6 (full 1):
 PSYoungGen      total 138240K, used 5104K [0x0000000795580000, 0x00000007a7680000, 0x00000007c0000000)
  eden space 133120K, 0% used [0x0000000795580000,0x0000000795580000,0x000000079d780000)
  from space 5120K, 99% used [0x000000079d780000,0x000000079dc7c010,0x000000079dc80000)
  to   space 14848K, 0% used [0x00000007a6800000,0x00000007a6800000,0x00000007a7680000)
 ParOldGen       total 87552K, used 21989K [0x0000000740000000, 0x0000000745580000, 0x0000000795580000)
  object space 87552K, 25% used [0x0000000740000000,0x00000007415796e0,0x0000000745580000)
 Metaspace       used 20617K, capacity 21160K, committed 21296K, reserved 1069056K
  class space    used 2435K, capacity 2620K, committed 2688K, reserved 1048576K
Event: 4,595 GC heap after
Heap after GC invocations=6 (full 1):
 PSYoungGen      total 138240K, used 0K [0x0000000795580000, 0x00000007a7680000, 0x00000007c0000000)
  eden space 133120K, 0% used [0x0000000795580000,0x0000000795580000,0x000000079d780000)
  from space 5120K, 0% used [0x000000079d780000,0x000000079d780000,0x000000079dc80000)
  to   space 14848K, 0% used [0x00000007a6800000,0x00000007a6800000,0x00000007a7680000)
 ParOldGen       total 83968K, used 20951K [0x0000000740000000, 0x0000000745200000, 0x0000000795580000)
  object space 83968K, 24% used [0x0000000740000000,0x0000000741475fb8,0x0000000745200000)
 Metaspace       used 20617K, capacity 21160K, committed 21296K, reserved 1069056K
  class space    used 2435K, capacity 2620K, committed 2688K, reserved 1048576K
}
Event: 7,279 GC heap before
{Heap before GC invocations=7 (full 1):
 PSYoungGen      total 138240K, used 133120K [0x0000000795580000, 0x00000007a7680000, 0x00000007c0000000)
  eden space 133120K, 100% used [0x0000000795580000,0x000000079d780000,0x000000079d780000)
  from space 5120K, 0% used [0x000000079d780000,0x000000079d780000,0x000000079dc80000)
  to   space 14848K, 0% used [0x00000007a6800000,0x00000007a6800000,0x00000007a7680000)
 ParOldGen       total 83968K, used 20951K [0x0000000740000000, 0x0000000745200000, 0x0000000795580000)
  object space 83968K, 24% used [0x0000000740000000,0x0000000741475fb8,0x0000000745200000)
 Metaspace       used 27198K, capacity 27804K, committed 28032K, reserved 1073152K
  class space    used 3159K, capacity 3364K, committed 3456K, reserved 1048576K
Event: 7,323 GC heap after
Heap after GC invocations=7 (full 1):
 PSYoungGen      total 199680K, used 14830K [0x0000000795580000, 0x00000007a7680000, 0x00000007c0000000)
  eden space 184832K, 0% used [0x0000000795580000,0x0000000795580000,0x00000007a0a00000)
  from space 14848K, 99% used [0x00000007a6800000,0x00000007a767b998,0x00000007a7680000)
  to   space 21504K, 0% used [0x00000007a4c80000,0x00000007a4c80000,0x00000007a6180000)
 ParOldGen       total 83968K, used 28630K [0x0000000740000000, 0x0000000745200000, 0x0000000795580000)
  object space 83968K, 34% used [0x0000000740000000,0x0000000741bf5bb8,0x0000000745200000)
 Metaspace       used 27198K, capacity 27804K, committed 28032K, reserved 1073152K
  class space    used 3159K, capacity 3364K, committed 3456K, reserved 1048576K
}
Event: 10,623 GC heap before
{Heap before GC invocations=8 (full 1):
 PSYoungGen      total 199680K, used 173642K [0x0000000795580000, 0x00000007a7680000, 0x00000007c0000000)
  eden space 184832K, 85% used [0x0000000795580000,0x000000079f096f68,0x00000007a0a00000)
  from space 14848K, 99% used [0x00000007a6800000,0x00000007a767b998,0x00000007a7680000)
  to   space 21504K, 0% used [0x00000007a4c80000,0x00000007a4c80000,0x00000007a6180000)
 ParOldGen       total 83968K, used 28630K [0x0000000740000000, 0x0000000745200000, 0x0000000795580000)
  object space 83968K, 34% used [0x0000000740000000,0x0000000741bf5bb8,0x0000000745200000)
 Metaspace       used 34330K, capacity 35298K, committed 35456K, reserved 1081344K
  class space    used 4070K, capacity 4369K, committed 4480K, reserved 1048576K
Event: 10,671 GC heap after
Heap after GC invocations=8 (full 1):
 PSYoungGen      total 274432K, used 21476K [0x0000000795580000, 0x00000007a8200000, 0x00000007c0000000)
  eden space 252928K, 0% used [0x0000000795580000,0x0000000795580000,0x00000007a4c80000)
  from space 21504K, 99% used [0x00000007a4c80000,0x00000007a6179200,0x00000007a6180000)
  to   space 27136K, 0% used [0x00000007a6780000,0x00000007a6780000,0x00000007a8200000)
 ParOldGen       total 83968K, used 32146K [0x0000000740000000, 0x0000000745200000, 0x0000000795580000)
  object space 83968K, 38% used [0x0000000740000000,0x0000000741f648c8,0x0000000745200000)
 Metaspace       used 34330K, capacity 35298K, committed 35456K, reserved 1081344K
  class space    used 4070K, capacity 4369K, committed 4480K, reserved 1048576K
}
Event: 10,671 GC heap before
{Heap before GC invocations=9 (full 2):
 PSYoungGen      total 274432K, used 21476K [0x0000000795580000, 0x00000007a8200000, 0x00000007c0000000)
  eden space 252928K, 0% used [0x0000000795580000,0x0000000795580000,0x00000007a4c80000)
  from space 21504K, 99% used [0x00000007a4c80000,0x00000007a6179200,0x00000007a6180000)
  to   space 27136K, 0% used [0x00000007a6780000,0x00000007a6780000,0x00000007a8200000)
 ParOldGen       total 83968K, used 32146K [0x0000000740000000, 0x0000000745200000, 0x0000000795580000)
  object space 83968K, 38% used [0x0000000740000000,0x0000000741f648c8,0x0000000745200000)
 Metaspace       used 34330K, capacity 35298K, committed 35456K, reserved 1081344K
  class space    used 4070K, capacity 4369K, committed 4480K, reserved 1048576K

