# JRE version: Java(TM) SE Runtime Environment (8.0_191-b12) (build 1.8.0_191-b12)
# Java VM: Java HotSpot(TM) 64-Bit Server VM (25.191-b12 mixed mode bsd-amd64 compressed oops)
Heap:
 PSYoungGen      total 290816K, used 5084K [0x0000000795580000, 0x00000007acb00000, 0x00000007c0000000)
  eden space 264704K, 0% used [0x0000000795580000,0x0000000795580000,0x00000007a5800000)
  from space 26112K, 19% used [0x00000007a5800000,0x00000007a5cf71e8,0x00000007a7180000)
  to   space 26112K, 0% used [0x00000007ab180000,0x00000007ab180000,0x00000007acb00000)
 ParOldGen       total 122368K, used 61314K [0x0000000740000000, 0x0000000747780000, 0x0000000795580000)
  object space 122368K, 50% used [0x0000000740000000,0x0000000743be09e8,0x0000000747780000)
 Metaspace       used 56951K, capacity 59042K, committed 59136K, reserved 1101824K
  class space    used 7211K, capacity 7669K, committed 7680K, reserved 1048576K
GC Heap History (10 events):
Event: 6,696 GC heap after
Heap after GC invocations=9 (full 1):
 PSYoungGen      total 216576K, used 12786K [0x0000000795580000, 0x00000007a7180000, 0x00000007c0000000)
  eden space 203776K, 0% used [0x0000000795580000,0x0000000795580000,0x00000007a1c80000)
  from space 12800K, 99% used [0x00000007a6500000,0x00000007a717cb78,0x00000007a7180000)
  to   space 15872K, 0% used [0x00000007a5280000,0x00000007a5280000,0x00000007a6200000)
 ParOldGen       total 73216K, used 22454K [0x0000000740000000, 0x0000000744780000, 0x0000000795580000)
  object space 73216K, 30% used [0x0000000740000000,0x00000007415ed9d8,0x0000000744780000)
 Metaspace       used 23476K, capacity 24036K, committed 24192K, reserved 1071104K
  class space    used 2711K, capacity 2886K, committed 2944K, reserved 1048576K
}
Event: 8,055 GC heap before
{Heap before GC invocations=10 (full 1):
 PSYoungGen      total 216576K, used 94426K [0x0000000795580000, 0x00000007a7180000, 0x00000007c0000000)
  eden space 203776K, 40% used [0x0000000795580000,0x000000079a539da8,0x00000007a1c80000)
  from space 12800K, 99% used [0x00000007a6500000,0x00000007a717cb78,0x00000007a7180000)
  to   space 15872K, 0% used [0x00000007a5280000,0x00000007a5280000,0x00000007a6200000)
 ParOldGen       total 73216K, used 22454K [0x0000000740000000, 0x0000000744780000, 0x0000000795580000)
  object space 73216K, 30% used [0x0000000740000000,0x00000007415ed9d8,0x0000000744780000)
 Metaspace       used 34364K, capacity 35332K, committed 35496K, reserved 1081344K
  class space    used 4265K, capacity 4546K, committed 4608K, reserved 1048576K
Event: 8,107 GC heap after
Heap after GC invocations=10 (full 1):
 PSYoungGen      total 274944K, used 15848K [0x0000000795580000, 0x00000007a8600000, 0x00000007c0000000)
  eden space 259072K, 0% used [0x0000000795580000,0x0000000795580000,0x00000007a5280000)
  from space 15872K, 99% used [0x00000007a5280000,0x00000007a61fa0a8,0x00000007a6200000)
  to   space 20992K, 0% used [0x00000007a7180000,0x00000007a7180000,0x00000007a8600000)
 ParOldGen       total 73216K, used 29804K [0x0000000740000000, 0x0000000744780000, 0x0000000795580000)
  object space 73216K, 40% used [0x0000000740000000,0x0000000741d1b158,0x0000000744780000)
 Metaspace       used 34364K, capacity 35332K, committed 35496K, reserved 1081344K
  class space    used 4265K, capacity 4546K, committed 4608K, reserved 1048576K
}
Event: 8,107 GC heap before
{Heap before GC invocations=11 (full 2):
 PSYoungGen      total 274944K, used 15848K [0x0000000795580000, 0x00000007a8600000, 0x00000007c0000000)
  eden space 259072K, 0% used [0x0000000795580000,0x0000000795580000,0x00000007a5280000)
  from space 15872K, 99% used [0x00000007a5280000,0x00000007a61fa0a8,0x00000007a6200000)
  to   space 20992K, 0% used [0x00000007a7180000,0x00000007a7180000,0x00000007a8600000)
 ParOldGen       total 73216K, used 29804K [0x0000000740000000, 0x0000000744780000, 0x0000000795580000)
  object space 73216K, 40% used [0x0000000740000000,0x0000000741d1b158,0x0000000744780000)
 Metaspace       used 34364K, capacity 35332K, committed 35496K, reserved 1081344K
  class space    used 4265K, capacity 4546K, committed 4608K, reserved 1048576K
Event: 8,319 GC heap after
Heap after GC invocations=11 (full 2):
 PSYoungGen      total 274944K, used 0K [0x0000000795580000, 0x00000007a8600000, 0x00000007c0000000)
  eden space 259072K, 0% used [0x0000000795580000,0x0000000795580000,0x00000007a5280000)
  from space 15872K, 0% used [0x00000007a5280000,0x00000007a5280000,0x00000007a6200000)
  to   space 20992K, 0% used [0x00000007a7180000,0x00000007a7180000,0x00000007a8600000)
 ParOldGen       total 122368K, used 40451K [0x0000000740000000, 0x0000000747780000, 0x0000000795580000)
  object space 122368K, 33% used [0x0000000740000000,0x0000000742780eb0,0x0000000747780000)
 Metaspace       used 34364K, capacity 35332K, committed 35496K, reserved 1081344K
  class space    used 4265K, capacity 4546K, committed 4608K, reserved 1048576K
}
Event: 13,329 GC heap before
{Heap before GC invocations=12 (full 2):
 PSYoungGen      total 274944K, used 259072K [0x0000000795580000, 0x00000007a8600000, 0x00000007c0000000)
  eden space 259072K, 100% used [0x0000000795580000,0x00000007a5280000,0x00000007a5280000)
  from space 15872K, 0% used [0x00000007a5280000,0x00000007a5280000,0x00000007a6200000)
  to   space 20992K, 0% used [0x00000007a7180000,0x00000007a7180000,0x00000007a8600000)
 ParOldGen       total 122368K, used 40451K [0x0000000740000000, 0x0000000747780000, 0x0000000795580000)
  object space 122368K, 33% used [0x0000000740000000,0x0000000742780eb0,0x0000000747780000)
 Metaspace       used 52449K, capacity 54542K, committed 54784K, reserved 1097728K
  class space    used 6618K, capacity 7077K, committed 7168K, reserved 1048576K
Event: 13,389 GC heap after
Heap after GC invocations=12 (full 2):
 PSYoungGen      total 285696K, used 20984K [0x0000000795580000, 0x00000007ac380000, 0x00000007c0000000)
  eden space 264704K, 0% used [0x0000000795580000,0x0000000795580000,0x00000007a5800000)
  from space 20992K, 99% used [0x00000007a7180000,0x00000007a85fe1e8,0x00000007a8600000)
  to   space 26112K, 0% used [0x00000007a5800000,0x00000007a5800000,0x00000007a7180000)
 ParOldGen       total 122368K, used 46772K [0x0000000740000000, 0x0000000747780000, 0x0000000795580000)
  object space 122368K, 38% used [0x0000000740000000,0x0000000742dad160,0x0000000747780000)
 Metaspace       used 52449K, capacity 54542K, committed 54784K, reserved 1097728K
  class space    used 6618K, capacity 7077K, committed 7168K, reserved 1048576K
}
Event: 14,920 GC heap before
{Heap before GC invocations=13 (full 2):
 PSYoungGen      total 285696K, used 62658K [0x0000000795580000, 0x00000007ac380000, 0x00000007c0000000)
  eden space 264704K, 15% used [0x0000000795580000,0x0000000797e327f0,0x00000007a5800000)
  from space 20992K, 99% used [0x00000007a7180000,0x00000007a85fe1e8,0x00000007a8600000)
  to   space 26112K, 0% used [0x00000007a5800000,0x00000007a5800000,0x00000007a7180000)
 ParOldGen       total 122368K, used 46772K [0x0000000740000000, 0x0000000747780000, 0x0000000795580000)
  object space 122368K, 38% used [0x0000000740000000,0x0000000742dad160,0x0000000747780000)
 Metaspace       used 56951K, capacity 59042K, committed 59136K, reserved 1101824K
  class space    used 7211K, capacity 7669K, committed 7680K, reserved 1048576K
Event: 14,971 GC heap after
Heap after GC invocations=13 (full 2):
 PSYoungGen      total 290816K, used 5084K [0x0000000795580000, 0x00000007acb00000, 0x00000007c0000000)
  eden space 264704K, 0% used [0x0000000795580000,0x0000000795580000,0x00000007a5800000)
  from space 26112K, 19% used [0x00000007a5800000,0x00000007a5cf71e8,0x00000007a7180000)
  to   space 26112K, 0% used [0x00000007ab180000,0x00000007ab180000,0x00000007acb00000)
 ParOldGen       total 122368K, used 61314K [0x0000000740000000, 0x0000000747780000, 0x0000000795580000)
  object space 122368K, 50% used [0x0000000740000000,0x0000000743be09e8,0x0000000747780000)
 Metaspace       used 56951K, capacity 59042K, committed 59136K, reserved 1101824K
  class space    used 7211K, capacity 7669K, committed 7680K, reserved 1048576K
}
Event: 14,971 GC heap before
{Heap before GC invocations=14 (full 3):
 PSYoungGen      total 290816K, used 5084K [0x0000000795580000, 0x00000007acb00000, 0x00000007c0000000)
  eden space 264704K, 0% used [0x0000000795580000,0x0000000795580000,0x00000007a5800000)
  from space 26112K, 19% used [0x00000007a5800000,0x00000007a5cf71e8,0x00000007a7180000)
  to   space 26112K, 0% used [0x00000007ab180000,0x00000007ab180000,0x00000007acb00000)
 ParOldGen       total 122368K, used 61314K [0x0000000740000000, 0x0000000747780000, 0x0000000795580000)
  object space 122368K, 50% used [0x0000000740000000,0x0000000743be09e8,0x0000000747780000)
 Metaspace       used 56951K, capacity 59042K, committed 59136K, reserved 1101824K
  class space    used 7211K, capacity 7669K, committed 7680K, reserved 1048576K

